[2025-04-10T06:00:06.473Z] UP - https://google.com
[2025-04-10T06:00:09.443Z] UP - https://example.com
[2025-04-10T06:00:11.496Z] UP - https://facebook.com
[Thursday, 10 April 2025 at 11:45:02 am] UP - https://google.com
[Thursday, 10 April 2025 at 11:45:02 am] UP - https://example.com
[Thursday, 10 April 2025 at 11:45:02 am] UP - https://facebook.com
[Thursday, 10 April 2025 at 12:00:01 pm] UP - https://google.com
[Thursday, 10 April 2025 at 12:00:01 pm] UP - https://example.com
[Thursday, 10 April 2025 at 12:00:01 pm] UP - https://facebook.com
[Thursday, 10 April 2025 at 12:15:02 pm] UP - https://google.com
[Thursday, 10 April 2025 at 12:15:02 pm] UP - https://example.com
[Thursday, 10 April 2025 at 12:15:02 pm] UP - https://facebook.com
[Thursday, 10 April 2025 at 12:30:01 pm] UP - https://google.com
[Thursday, 10 April 2025 at 12:30:01 pm] UP - https://example.com
[Thursday, 10 April 2025 at 12:30:01 pm] UP - https://facebook.com
[Thursday, 10 April 2025 at 12:45:01 pm] UP - https://google.com
[Thursday, 10 April 2025 at 12:45:01 pm] UP - https://example.com
[Thursday, 10 April 2025 at 12:45:01 pm] UP - https://facebook.com
[Thursday, 10 April 2025 at 01:00:02 pm] UP - https://google.com
[Thursday, 10 April 2025 at 01:00:02 pm] UP - https://example.com
[Thursday, 10 April 2025 at 01:00:02 pm] UP - https://facebook.com
[Thursday, 10 April 2025 at 01:15:02 pm] UP - https://google.com
[Thursday, 10 April 2025 at 01:15:02 pm] UP - https://example.com
[Thursday, 10 April 2025 at 01:15:02 pm] UP - https://facebook.com
[Friday, 11 April 2025 at 10:45:14 am] UP - https://google.com
[Friday, 11 April 2025 at 10:45:14 am] UP - https://example.com
[Friday, 11 April 2025 at 10:45:14 am] UP - https://facebook.com
[Friday, 11 April 2025 at 11:00:02 am] DOWN - https://google.com
[Friday, 11 April 2025 at 11:00:02 am] UP - https://example.com
[Friday, 11 April 2025 at 11:00:02 am] UP - https://facebook.com
[Friday, 11 April 2025 at 11:15:02 am] DOWN - https://google.com
[Friday, 11 April 2025 at 11:15:02 am] DOWN - https://example.com
[Friday, 11 April 2025 at 11:15:02 am] DOWN - https://facebook.com
[Friday, 11 April 2025 at 11:30:02 am] UP - https://google.com
[Friday, 11 April 2025 at 11:30:02 am] UP - https://example.com
[Friday, 11 April 2025 at 11:30:02 am] UP - https://facebook.com
[Friday, 11 April 2025 at 11:45:02 am] UP - https://google.com
[Friday, 11 April 2025 at 11:45:02 am] UP - https://example.com
[Friday, 11 April 2025 at 11:45:02 am] UP - https://facebook.com
[Friday, 11 April 2025 at 12:00:02 pm] UP - https://google.com
[Friday, 11 April 2025 at 12:00:02 pm] UP - https://example.com
[Friday, 11 April 2025 at 12:00:02 pm] UP - https://facebook.com
[Friday, 11 April 2025 at 12:15:01 pm] UP - https://google.com
[Friday, 11 April 2025 at 12:15:01 pm] UP - https://example.com
[Friday, 11 April 2025 at 12:15:01 pm] UP - https://facebook.com
[Friday, 11 April 2025 at 12:30:02 pm] UP - https://google.com
[Friday, 11 April 2025 at 12:30:02 pm] UP - https://example.com
[Friday, 11 April 2025 at 12:30:02 pm] UP - https://facebook.com
[Friday, 11 April 2025 at 12:45:03 pm] UP - https://google.com
[Friday, 11 April 2025 at 12:45:03 pm] UP - https://example.com
[Friday, 11 April 2025 at 12:45:03 pm] UP - https://facebook.com
[Friday, 11 April 2025 at 01:00:02 pm] UP - https://google.com
[Friday, 11 April 2025 at 01:00:02 pm] UP - https://example.com
[Friday, 11 April 2025 at 01:00:02 pm] UP - https://facebook.com
[Tuesday, 15 April 2025 at 10:45:15 am] UP - https://google.com
[Tuesday, 15 April 2025 at 10:45:15 am] UP - https://example.com
[Tuesday, 15 April 2025 at 10:45:15 am] UP - https://facebook.com
[Tuesday, 15 April 2025 at 11:00:02 am] UP - https://google.com
[Tuesday, 15 April 2025 at 11:00:02 am] UP - https://example.com
[Tuesday, 15 April 2025 at 11:00:02 am] UP - https://facebook.com
[Tuesday, 15 April 2025 at 11:15:06 am] UP - https://google.com
[Tuesday, 15 April 2025 at 11:15:09 am] UP - https://example.com
[Tuesday, 15 April 2025 at 11:15:12 am] UP - https://facebook.com
[Tuesday, 15 April 2025 at 11:30:05 am] UP - https://google.com
[Tuesday, 15 April 2025 at 11:30:08 am] UP - https://example.com
[Tuesday, 15 April 2025 at 11:30:10 am] UP - https://facebook.com
[Tuesday, 15 April 2025 at 11:45:25 am] ❌ Internet connection LOST
[Tuesday, 15 April 2025 at 11:47:25 am] ✅ Internet connection RESTORED
[Tuesday, 15 April 2025 at 11:47:35 am] UP - https://google.com
[Tuesday, 15 April 2025 at 11:47:37 am] UP - https://example.com
[Tuesday, 15 April 2025 at 11:47:40 am] UP - https://facebook.com
[Tuesday, 15 April 2025 at 12:00:08 pm] UP - https://google.com
[Tuesday, 15 April 2025 at 12:00:11 pm] UP - https://example.com
[Tuesday, 15 April 2025 at 12:00:14 pm] UP - https://facebook.com
[Tuesday, 15 April 2025 at 12:15:07 pm] UP - https://google.com
[Tuesday, 15 April 2025 at 12:15:09 pm] UP - https://example.com
[Tuesday, 15 April 2025 at 12:15:12 pm] UP - https://facebook.com
[Tuesday, 15 April 2025 at 12:30:04 pm] UP - https://google.com
[Tuesday, 15 April 2025 at 12:30:06 pm] UP - https://example.com
[Tuesday, 15 April 2025 at 12:30:08 pm] UP - https://facebook.com
[Tuesday, 15 April 2025 at 12:45:06 pm] UP - https://google.com
[Tuesday, 15 April 2025 at 12:45:08 pm] UP - https://example.com
[Tuesday, 15 April 2025 at 12:45:12 pm] UP - https://facebook.com
[Tuesday, 15 April 2025 at 01:00:25 pm] ❌ Internet connection LOST
[Tuesday, 15 April 2025 at 01:01:36 pm] ✅ Internet connection RESTORED
[Tuesday, 15 April 2025 at 01:01:45 pm] UP - https://google.com
[Tuesday, 15 April 2025 at 01:01:48 pm] UP - https://example.com
[Tuesday, 15 April 2025 at 01:01:50 pm] UP - https://facebook.com
[Wednesday, 16 April 2025 at 11:00:40 am] UP - https://google.com
[Wednesday, 16 April 2025 at 11:00:43 am] UP - https://example.com
[Wednesday, 16 April 2025 at 11:00:46 am] UP - https://facebook.com
[Wednesday, 16 April 2025 at 11:15:12 am] UP - https://google.com
[Wednesday, 16 April 2025 at 11:15:15 am] UP - https://example.com
[Wednesday, 16 April 2025 at 11:15:20 am] UP - https://facebook.com
[Wednesday, 16 April 2025 at 11:30:09 am] UP - https://google.com
[Wednesday, 16 April 2025 at 11:30:10 am] UP - https://example.com
[Wednesday, 16 April 2025 at 11:30:15 am] UP - https://facebook.com
[Wednesday, 16 April 2025 at 11:45:13 am] UP - https://google.com
[Wednesday, 16 April 2025 at 11:45:23 am] UP - https://example.com
[Wednesday, 16 April 2025 at 11:45:35 am] UP - https://facebook.com
[Wednesday, 16 April 2025 at 12:00:08 pm] UP - https://google.com
[Wednesday, 16 April 2025 at 12:00:11 pm] UP - https://example.com
[Wednesday, 16 April 2025 at 12:00:14 pm] UP - https://facebook.com
